[debug] [2021-10-05T17:53:14.663Z] ----------------------------------------------------------------------
[debug] [2021-10-05T17:53:14.674Z] Command:       C:\Program Files\nodejs\node.exe C:\Users\ikenn\AppData\Roaming\npm\node_modules\firebase-tools\lib\bin\firebase.js init
[debug] [2021-10-05T17:53:14.676Z] CLI Version:   9.19.0
[debug] [2021-10-05T17:53:14.676Z] Platform:      win32
[debug] [2021-10-05T17:53:14.677Z] Node Version:  v14.17.0
[debug] [2021-10-05T17:53:14.679Z] Time:          Tue Oct 05 2021 10:53:14 GMT-0700 (Pacific Daylight Time)
[debug] [2021-10-05T17:53:14.680Z] ----------------------------------------------------------------------
[debug] 
[debug] [2021-10-05T17:53:14.945Z] > command requires scopes: ["email","openid","https://www.googleapis.com/auth/cloudplatformprojects.readonly","https://www.googleapis.com/auth/firebase","https://www.googleapis.com/auth/cloud-platform"]
[debug] [2021-10-05T17:53:14.946Z] > authorizing via signed-in user (andersonbeth347@gmail.com)
[info] 
     ######## #### ########  ######## ########     ###     ######  ########
     ##        ##  ##     ## ##       ##     ##  ##   ##  ##       ##
     ######    ##  ########  ######   ########  #########  ######  ######
     ##        ##  ##    ##  ##       ##     ## ##     ##       ## ##
     ##       #### ##     ## ######## ########  ##     ##  ######  ########

You're about to initialize a Firebase project in this directory:

  C:\Users\ikenn\Documents\_js\store_by_next\client_app

Before we get started, keep in mind:

  * You are initializing within an existing Firebase project directory

